[2022-07-30 05:10:27] laravel.EMERGENCY: Unable to create configured logger. Using emergency logger. {"exception":"[object] (InvalidArgumentException(code: 0): Log [default] is not defined. at /workspaces/joyonto-vai-assignment/animal-disease-cli/vendor/illuminate/log/LogManager.php:207)
[stacktrace]
#0 /workspaces/joyonto-vai-assignment/animal-disease-cli/vendor/illuminate/log/LogManager.php(132): Illuminate\\Log\\LogManager->resolve('default', NULL)
#1 /workspaces/joyonto-vai-assignment/animal-disease-cli/vendor/illuminate/log/LogManager.php(119): Illuminate\\Log\\LogManager->get('default')
#2 /workspaces/joyonto-vai-assignment/animal-disease-cli/vendor/illuminate/log/LogManager.php(636): Illuminate\\Log\\LogManager->driver()
#3 /workspaces/joyonto-vai-assignment/animal-disease-cli/vendor/laravel-zero/foundation/src/Illuminate/Foundation/Exceptions/Handler.php(275): Illuminate\\Log\\LogManager->error('Not enough argu...', Array)
#4 /workspaces/joyonto-vai-assignment/animal-disease-cli/vendor/nunomaduro/collision/src/Adapters/Laravel/ExceptionHandler.php(46): Illuminate\\Foundation\\Exceptions\\Handler->report(Object(Symfony\\Component\\Console\\Exception\\RuntimeException))
#5 /workspaces/joyonto-vai-assignment/animal-disease-cli/vendor/laravel-zero/foundation/src/Illuminate/Foundation/Console/Kernel.php(367): NunoMaduro\\Collision\\Adapters\\Laravel\\ExceptionHandler->report(Object(Symfony\\Component\\Console\\Exception\\RuntimeException))
#6 /workspaces/joyonto-vai-assignment/animal-disease-cli/vendor/laravel-zero/foundation/src/Illuminate/Foundation/Console/Kernel.php(131): Illuminate\\Foundation\\Console\\Kernel->reportException(Object(Symfony\\Component\\Console\\Exception\\RuntimeException))
#7 /workspaces/joyonto-vai-assignment/animal-disease-cli/vendor/laravel-zero/framework/src/Kernel.php(96): Illuminate\\Foundation\\Console\\Kernel->handle(Object(Symfony\\Component\\Console\\Input\\ArgvInput), Object(Symfony\\Component\\Console\\Output\\ConsoleOutput))
#8 /workspaces/joyonto-vai-assignment/animal-disease-cli/ad-cli(37): LaravelZero\\Framework\\Kernel->handle(Object(Symfony\\Component\\Console\\Input\\ArgvInput), Object(Symfony\\Component\\Console\\Output\\ConsoleOutput))
#9 {main}
"} 
[2022-07-30 05:10:27] laravel.ERROR: Not enough arguments (missing: "cases-path, diseases-path=, output-path="). {"exception":"[object] (Symfony\\Component\\Console\\Exception\\RuntimeException(code: 0): Not enough arguments (missing: \"cases-path, diseases-path=, output-path=\"). at /workspaces/joyonto-vai-assignment/animal-disease-cli/vendor/symfony/console/Input/Input.php:76)
[stacktrace]
#0 /workspaces/joyonto-vai-assignment/animal-disease-cli/vendor/symfony/console/Command/Command.php(303): Symfony\\Component\\Console\\Input\\Input->validate()
#1 /workspaces/joyonto-vai-assignment/animal-disease-cli/vendor/illuminate/console/Command.php(124): Symfony\\Component\\Console\\Command\\Command->run(Object(Symfony\\Component\\Console\\Input\\ArgvInput), Object(Illuminate\\Console\\OutputStyle))
#2 /workspaces/joyonto-vai-assignment/animal-disease-cli/vendor/symfony/console/Application.php(998): Illuminate\\Console\\Command->run(Object(Symfony\\Component\\Console\\Input\\ArgvInput), Object(Symfony\\Component\\Console\\Output\\ConsoleOutput))
#3 /workspaces/joyonto-vai-assignment/animal-disease-cli/vendor/symfony/console/Application.php(299): Symfony\\Component\\Console\\Application->doRunCommand(Object(App\\Commands\\ProcessCsv), Object(Symfony\\Component\\Console\\Input\\ArgvInput), Object(Symfony\\Component\\Console\\Output\\ConsoleOutput))
#4 /workspaces/joyonto-vai-assignment/animal-disease-cli/vendor/symfony/console/Application.php(171): Symfony\\Component\\Console\\Application->doRun(Object(Symfony\\Component\\Console\\Input\\ArgvInput), Object(Symfony\\Component\\Console\\Output\\ConsoleOutput))
#5 /workspaces/joyonto-vai-assignment/animal-disease-cli/vendor/illuminate/console/Application.php(102): Symfony\\Component\\Console\\Application->run(Object(Symfony\\Component\\Console\\Input\\ArgvInput), Object(Symfony\\Component\\Console\\Output\\ConsoleOutput))
#6 /workspaces/joyonto-vai-assignment/animal-disease-cli/vendor/laravel-zero/foundation/src/Illuminate/Foundation/Console/Kernel.php(129): Illuminate\\Console\\Application->run(Object(Symfony\\Component\\Console\\Input\\ArgvInput), Object(Symfony\\Component\\Console\\Output\\ConsoleOutput))
#7 /workspaces/joyonto-vai-assignment/animal-disease-cli/vendor/laravel-zero/framework/src/Kernel.php(96): Illuminate\\Foundation\\Console\\Kernel->handle(Object(Symfony\\Component\\Console\\Input\\ArgvInput), Object(Symfony\\Component\\Console\\Output\\ConsoleOutput))
#8 /workspaces/joyonto-vai-assignment/animal-disease-cli/ad-cli(37): LaravelZero\\Framework\\Kernel->handle(Object(Symfony\\Component\\Console\\Input\\ArgvInput), Object(Symfony\\Component\\Console\\Output\\ConsoleOutput))
#9 {main}
"} 
[2022-07-30 05:10:30] laravel.EMERGENCY: Unable to create configured logger. Using emergency logger. {"exception":"[object] (InvalidArgumentException(code: 0): Log [default] is not defined. at /workspaces/joyonto-vai-assignment/animal-disease-cli/vendor/illuminate/log/LogManager.php:207)
[stacktrace]
#0 /workspaces/joyonto-vai-assignment/animal-disease-cli/vendor/illuminate/log/LogManager.php(132): Illuminate\\Log\\LogManager->resolve('default', NULL)
#1 /workspaces/joyonto-vai-assignment/animal-disease-cli/vendor/illuminate/log/LogManager.php(119): Illuminate\\Log\\LogManager->get('default')
#2 /workspaces/joyonto-vai-assignment/animal-disease-cli/vendor/illuminate/log/LogManager.php(636): Illuminate\\Log\\LogManager->driver()
#3 /workspaces/joyonto-vai-assignment/animal-disease-cli/vendor/laravel-zero/foundation/src/Illuminate/Foundation/Exceptions/Handler.php(275): Illuminate\\Log\\LogManager->error('Not enough argu...', Array)
#4 /workspaces/joyonto-vai-assignment/animal-disease-cli/vendor/nunomaduro/collision/src/Adapters/Laravel/ExceptionHandler.php(46): Illuminate\\Foundation\\Exceptions\\Handler->report(Object(Symfony\\Component\\Console\\Exception\\RuntimeException))
#5 /workspaces/joyonto-vai-assignment/animal-disease-cli/vendor/laravel-zero/foundation/src/Illuminate/Foundation/Console/Kernel.php(367): NunoMaduro\\Collision\\Adapters\\Laravel\\ExceptionHandler->report(Object(Symfony\\Component\\Console\\Exception\\RuntimeException))
#6 /workspaces/joyonto-vai-assignment/animal-disease-cli/vendor/laravel-zero/foundation/src/Illuminate/Foundation/Console/Kernel.php(131): Illuminate\\Foundation\\Console\\Kernel->reportException(Object(Symfony\\Component\\Console\\Exception\\RuntimeException))
#7 /workspaces/joyonto-vai-assignment/animal-disease-cli/vendor/laravel-zero/framework/src/Kernel.php(96): Illuminate\\Foundation\\Console\\Kernel->handle(Object(Symfony\\Component\\Console\\Input\\ArgvInput), Object(Symfony\\Component\\Console\\Output\\ConsoleOutput))
#8 /workspaces/joyonto-vai-assignment/animal-disease-cli/ad-cli(37): LaravelZero\\Framework\\Kernel->handle(Object(Symfony\\Component\\Console\\Input\\ArgvInput), Object(Symfony\\Component\\Console\\Output\\ConsoleOutput))
#9 {main}
"} 
[2022-07-30 05:10:30] laravel.ERROR: Not enough arguments (missing: "cases-path, diseases-path=, output-path="). {"exception":"[object] (Symfony\\Component\\Console\\Exception\\RuntimeException(code: 0): Not enough arguments (missing: \"cases-path, diseases-path=, output-path=\"). at /workspaces/joyonto-vai-assignment/animal-disease-cli/vendor/symfony/console/Input/Input.php:76)
[stacktrace]
#0 /workspaces/joyonto-vai-assignment/animal-disease-cli/vendor/symfony/console/Command/Command.php(303): Symfony\\Component\\Console\\Input\\Input->validate()
#1 /workspaces/joyonto-vai-assignment/animal-disease-cli/vendor/illuminate/console/Command.php(124): Symfony\\Component\\Console\\Command\\Command->run(Object(Symfony\\Component\\Console\\Input\\ArgvInput), Object(Illuminate\\Console\\OutputStyle))
#2 /workspaces/joyonto-vai-assignment/animal-disease-cli/vendor/symfony/console/Application.php(998): Illuminate\\Console\\Command->run(Object(Symfony\\Component\\Console\\Input\\ArgvInput), Object(Symfony\\Component\\Console\\Output\\ConsoleOutput))
#3 /workspaces/joyonto-vai-assignment/animal-disease-cli/vendor/symfony/console/Application.php(299): Symfony\\Component\\Console\\Application->doRunCommand(Object(App\\Commands\\ProcessCsv), Object(Symfony\\Component\\Console\\Input\\ArgvInput), Object(Symfony\\Component\\Console\\Output\\ConsoleOutput))
#4 /workspaces/joyonto-vai-assignment/animal-disease-cli/vendor/symfony/console/Application.php(171): Symfony\\Component\\Console\\Application->doRun(Object(Symfony\\Component\\Console\\Input\\ArgvInput), Object(Symfony\\Component\\Console\\Output\\ConsoleOutput))
#5 /workspaces/joyonto-vai-assignment/animal-disease-cli/vendor/illuminate/console/Application.php(102): Symfony\\Component\\Console\\Application->run(Object(Symfony\\Component\\Console\\Input\\ArgvInput), Object(Symfony\\Component\\Console\\Output\\ConsoleOutput))
#6 /workspaces/joyonto-vai-assignment/animal-disease-cli/vendor/laravel-zero/foundation/src/Illuminate/Foundation/Console/Kernel.php(129): Illuminate\\Console\\Application->run(Object(Symfony\\Component\\Console\\Input\\ArgvInput), Object(Symfony\\Component\\Console\\Output\\ConsoleOutput))
#7 /workspaces/joyonto-vai-assignment/animal-disease-cli/vendor/laravel-zero/framework/src/Kernel.php(96): Illuminate\\Foundation\\Console\\Kernel->handle(Object(Symfony\\Component\\Console\\Input\\ArgvInput), Object(Symfony\\Component\\Console\\Output\\ConsoleOutput))
#8 /workspaces/joyonto-vai-assignment/animal-disease-cli/ad-cli(37): LaravelZero\\Framework\\Kernel->handle(Object(Symfony\\Component\\Console\\Input\\ArgvInput), Object(Symfony\\Component\\Console\\Output\\ConsoleOutput))
#9 {main}
"} 
[2022-07-30 05:11:40] laravel.EMERGENCY: Unable to create configured logger. Using emergency logger. {"exception":"[object] (InvalidArgumentException(code: 0): Log [default] is not defined. at /workspaces/joyonto-vai-assignment/animal-disease-cli/vendor/illuminate/log/LogManager.php:207)
[stacktrace]
#0 /workspaces/joyonto-vai-assignment/animal-disease-cli/vendor/illuminate/log/LogManager.php(132): Illuminate\\Log\\LogManager->resolve('default', NULL)
#1 /workspaces/joyonto-vai-assignment/animal-disease-cli/vendor/illuminate/log/LogManager.php(119): Illuminate\\Log\\LogManager->get('default')
#2 /workspaces/joyonto-vai-assignment/animal-disease-cli/vendor/illuminate/log/LogManager.php(636): Illuminate\\Log\\LogManager->driver()
#3 /workspaces/joyonto-vai-assignment/animal-disease-cli/vendor/laravel-zero/foundation/src/Illuminate/Foundation/Exceptions/Handler.php(275): Illuminate\\Log\\LogManager->error('Not enough argu...', Array)
#4 /workspaces/joyonto-vai-assignment/animal-disease-cli/vendor/nunomaduro/collision/src/Adapters/Laravel/ExceptionHandler.php(46): Illuminate\\Foundation\\Exceptions\\Handler->report(Object(Symfony\\Component\\Console\\Exception\\RuntimeException))
#5 /workspaces/joyonto-vai-assignment/animal-disease-cli/vendor/laravel-zero/foundation/src/Illuminate/Foundation/Console/Kernel.php(367): NunoMaduro\\Collision\\Adapters\\Laravel\\ExceptionHandler->report(Object(Symfony\\Component\\Console\\Exception\\RuntimeException))
#6 /workspaces/joyonto-vai-assignment/animal-disease-cli/vendor/laravel-zero/foundation/src/Illuminate/Foundation/Console/Kernel.php(131): Illuminate\\Foundation\\Console\\Kernel->reportException(Object(Symfony\\Component\\Console\\Exception\\RuntimeException))
#7 /workspaces/joyonto-vai-assignment/animal-disease-cli/vendor/laravel-zero/framework/src/Kernel.php(96): Illuminate\\Foundation\\Console\\Kernel->handle(Object(Symfony\\Component\\Console\\Input\\ArgvInput), Object(Symfony\\Component\\Console\\Output\\ConsoleOutput))
#8 /workspaces/joyonto-vai-assignment/animal-disease-cli/ad-cli(37): LaravelZero\\Framework\\Kernel->handle(Object(Symfony\\Component\\Console\\Input\\ArgvInput), Object(Symfony\\Component\\Console\\Output\\ConsoleOutput))
#9 {main}
"} 
[2022-07-30 05:11:40] laravel.ERROR: Not enough arguments (missing: "cases-path, diseases-path=, output-path="). {"exception":"[object] (Symfony\\Component\\Console\\Exception\\RuntimeException(code: 0): Not enough arguments (missing: \"cases-path, diseases-path=, output-path=\"). at /workspaces/joyonto-vai-assignment/animal-disease-cli/vendor/symfony/console/Input/Input.php:76)
[stacktrace]
#0 /workspaces/joyonto-vai-assignment/animal-disease-cli/vendor/symfony/console/Command/Command.php(303): Symfony\\Component\\Console\\Input\\Input->validate()
#1 /workspaces/joyonto-vai-assignment/animal-disease-cli/vendor/illuminate/console/Command.php(124): Symfony\\Component\\Console\\Command\\Command->run(Object(Symfony\\Component\\Console\\Input\\ArgvInput), Object(Illuminate\\Console\\OutputStyle))
#2 /workspaces/joyonto-vai-assignment/animal-disease-cli/vendor/symfony/console/Application.php(998): Illuminate\\Console\\Command->run(Object(Symfony\\Component\\Console\\Input\\ArgvInput), Object(Symfony\\Component\\Console\\Output\\ConsoleOutput))
#3 /workspaces/joyonto-vai-assignment/animal-disease-cli/vendor/symfony/console/Application.php(299): Symfony\\Component\\Console\\Application->doRunCommand(Object(App\\Commands\\ProcessCsv), Object(Symfony\\Component\\Console\\Input\\ArgvInput), Object(Symfony\\Component\\Console\\Output\\ConsoleOutput))
#4 /workspaces/joyonto-vai-assignment/animal-disease-cli/vendor/symfony/console/Application.php(171): Symfony\\Component\\Console\\Application->doRun(Object(Symfony\\Component\\Console\\Input\\ArgvInput), Object(Symfony\\Component\\Console\\Output\\ConsoleOutput))
#5 /workspaces/joyonto-vai-assignment/animal-disease-cli/vendor/illuminate/console/Application.php(102): Symfony\\Component\\Console\\Application->run(Object(Symfony\\Component\\Console\\Input\\ArgvInput), Object(Symfony\\Component\\Console\\Output\\ConsoleOutput))
#6 /workspaces/joyonto-vai-assignment/animal-disease-cli/vendor/laravel-zero/foundation/src/Illuminate/Foundation/Console/Kernel.php(129): Illuminate\\Console\\Application->run(Object(Symfony\\Component\\Console\\Input\\ArgvInput), Object(Symfony\\Component\\Console\\Output\\ConsoleOutput))
#7 /workspaces/joyonto-vai-assignment/animal-disease-cli/vendor/laravel-zero/framework/src/Kernel.php(96): Illuminate\\Foundation\\Console\\Kernel->handle(Object(Symfony\\Component\\Console\\Input\\ArgvInput), Object(Symfony\\Component\\Console\\Output\\ConsoleOutput))
#8 /workspaces/joyonto-vai-assignment/animal-disease-cli/ad-cli(37): LaravelZero\\Framework\\Kernel->handle(Object(Symfony\\Component\\Console\\Input\\ArgvInput), Object(Symfony\\Component\\Console\\Output\\ConsoleOutput))
#9 {main}
"} 
